# JRE version: OpenJDK Runtime Environment (8.0_152-b06) (build 1.8.0_152-release-1136-b06)
# Java VM: OpenJDK 64-Bit Server VM (25.152-b06 mixed mode windows-amd64 compressed oops)
Heap:
 PSYoungGen      total 265728K, used 144897K [0x00000000e0000000, 0x00000000f1800000, 0x0000000100000000)
  eden space 243712K, 55% used [0x00000000e0000000,0x00000000e847f048,0x00000000eee00000)
  from space 22016K, 41% used [0x00000000f0280000,0x00000000f0b813d8,0x00000000f1800000)
  to   space 20992K, 0% used [0x00000000eee00000,0x00000000eee00000,0x00000000f0280000)
 ParOldGen       total 151040K, used 38332K [0x00000000a0000000, 0x00000000a9380000, 0x00000000e0000000)
  object space 151040K, 25% used [0x00000000a0000000,0x00000000a256f248,0x00000000a9380000)
 Metaspace       used 73759K, capacity 76527K, committed 76632K, reserved 1116160K
  class space    used 9751K, capacity 10361K, committed 10368K, reserved 1048576K
GC Heap History (10 events):
Event: 30.240 GC heap before
{Heap before GC invocations=11 (full 2):
 PSYoungGen      total 187392K, used 187366K [0x00000000e0000000, 0x00000000ec880000, 0x0000000100000000)
  eden space 174592K, 100% used [0x00000000e0000000,0x00000000eaa80000,0x00000000eaa80000)
  from space 12800K, 99% used [0x00000000eb980000,0x00000000ec5f9a58,0x00000000ec600000)
  to   space 15360K, 0% used [0x00000000eaa80000,0x00000000eaa80000,0x00000000eb980000)
 ParOldGen       total 98304K, used 21501K [0x00000000a0000000, 0x00000000a6000000, 0x00000000e0000000)
  object space 98304K, 21% used [0x00000000a0000000,0x00000000a14ff4d8,0x00000000a6000000)
 Metaspace       used 56189K, capacity 57875K, committed 58072K, reserved 1099776K
  class space    used 7654K, capacity 8081K, committed 8192K, reserved 1048576K
Event: 30.331 GC heap after
Heap after GC invocations=11 (full 2):
 PSYoungGen      total 189952K, used 15350K [0x00000000e0000000, 0x00000000ef400000, 0x0000000100000000)
  eden space 174592K, 0% used [0x00000000e0000000,0x00000000e0000000,0x00000000eaa80000)
  from space 15360K, 99% used [0x00000000eaa80000,0x00000000eb97d9b0,0x00000000eb980000)
  to   space 21504K, 0% used [0x00000000edf00000,0x00000000edf00000,0x00000000ef400000)
 ParOldGen       total 98304K, used 31902K [0x00000000a0000000, 0x00000000a6000000, 0x00000000e0000000)
  object space 98304K, 32% used [0x00000000a0000000,0x00000000a1f278b0,0x00000000a6000000)
 Metaspace       used 56189K, capacity 57875K, committed 58072K, reserved 1099776K
  class space    used 7654K, capacity 8081K, committed 8192K, reserved 1048576K
}
Event: 32.690 GC heap before
{Heap before GC invocations=12 (full 2):
 PSYoungGen      total 189952K, used 54025K [0x00000000e0000000, 0x00000000ef400000, 0x0000000100000000)
  eden space 174592K, 22% used [0x00000000e0000000,0x00000000e25c4d18,0x00000000eaa80000)
  from space 15360K, 99% used [0x00000000eaa80000,0x00000000eb97d9b0,0x00000000eb980000)
  to   space 21504K, 0% used [0x00000000edf00000,0x00000000edf00000,0x00000000ef400000)
 ParOldGen       total 98304K, used 31902K [0x00000000a0000000, 0x00000000a6000000, 0x00000000e0000000)
  object space 98304K, 32% used [0x00000000a0000000,0x00000000a1f278b0,0x00000000a6000000)
 Metaspace       used 57255K, capacity 58945K, committed 59028K, reserved 1099776K
  class space    used 7782K, capacity 8180K, committed 8192K, reserved 1048576K
Event: 32.758 GC heap after
Heap after GC invocations=12 (full 2):
 PSYoungGen      total 227328K, used 15544K [0x00000000e0000000, 0x00000000efc80000, 0x0000000100000000)
  eden space 205824K, 0% used [0x00000000e0000000,0x00000000e0000000,0x00000000ec900000)
  from space 21504K, 72% used [0x00000000edf00000,0x00000000eee2e1b8,0x00000000ef400000)
  to   space 22528K, 0% used [0x00000000ec900000,0x00000000ec900000,0x00000000edf00000)
 ParOldGen       total 98304K, used 39426K [0x00000000a0000000, 0x00000000a6000000, 0x00000000e0000000)
  object space 98304K, 40% used [0x00000000a0000000,0x00000000a2680818,0x00000000a6000000)
 Metaspace       used 57255K, capacity 58945K, committed 59028K, reserved 1099776K
  class space    used 7782K, capacity 8180K, committed 8192K, reserved 1048576K
}
Event: 32.758 GC heap before
{Heap before GC invocations=13 (full 3):
 PSYoungGen      total 227328K, used 15544K [0x00000000e0000000, 0x00000000efc80000, 0x0000000100000000)
  eden space 205824K, 0% used [0x00000000e0000000,0x00000000e0000000,0x00000000ec900000)
  from space 21504K, 72% used [0x00000000edf00000,0x00000000eee2e1b8,0x00000000ef400000)
  to   space 22528K, 0% used [0x00000000ec900000,0x00000000ec900000,0x00000000edf00000)
 ParOldGen       total 98304K, used 39426K [0x00000000a0000000, 0x00000000a6000000, 0x00000000e0000000)
  object space 98304K, 40% used [0x00000000a0000000,0x00000000a2680818,0x00000000a6000000)
 Metaspace       used 57255K, capacity 58945K, committed 59028K, reserved 1099776K
  class space    used 7782K, capacity 8180K, committed 8192K, reserved 1048576K
Event: 33.352 GC heap after
Heap after GC invocations=13 (full 3):
 PSYoungGen      total 227328K, used 0K [0x00000000e0000000, 0x00000000efc80000, 0x0000000100000000)
  eden space 205824K, 0% used [0x00000000e0000000,0x00000000e0000000,0x00000000ec900000)
  from space 21504K, 0% used [0x00000000edf00000,0x00000000edf00000,0x00000000ef400000)
  to   space 22528K, 0% used [0x00000000ec900000,0x00000000ec900000,0x00000000edf00000)
 ParOldGen       total 151040K, used 38308K [0x00000000a0000000, 0x00000000a9380000, 0x00000000e0000000)
  object space 151040K, 25% used [0x00000000a0000000,0x00000000a2569248,0x00000000a9380000)
 Metaspace       used 57255K, capacity 58945K, committed 59028K, reserved 1099776K
  class space    used 7782K, capacity 8180K, committed 8192K, reserved 1048576K
}
Event: 69.565 GC heap before
{Heap before GC invocations=14 (full 3):
 PSYoungGen      total 227328K, used 204833K [0x00000000e0000000, 0x00000000efc80000, 0x0000000100000000)
  eden space 205824K, 99% used [0x00000000e0000000,0x00000000ec808600,0x00000000ec900000)
  from space 21504K, 0% used [0x00000000edf00000,0x00000000edf00000,0x00000000ef400000)
  to   space 22528K, 0% used [0x00000000ec900000,0x00000000ec900000,0x00000000edf00000)
 ParOldGen       total 151040K, used 38308K [0x00000000a0000000, 0x00000000a9380000, 0x00000000e0000000)
  object space 151040K, 25% used [0x00000000a0000000,0x00000000a2569248,0x00000000a9380000)
 Metaspace       used 65111K, capacity 67001K, committed 67288K, reserved 1107968K
  class space    used 8688K, capacity 9128K, committed 9216K, reserved 1048576K
Event: 69.590 GC heap after
Heap after GC invocations=14 (full 3):
 PSYoungGen      total 228352K, used 12411K [0x00000000e0000000, 0x00000000f1800000, 0x0000000100000000)
  eden space 205824K, 0% used [0x00000000e0000000,0x00000000e0000000,0x00000000ec900000)
  from space 22528K, 55% used [0x00000000ec900000,0x00000000ed51ef48,0x00000000edf00000)
  to   space 22016K, 0% used [0x00000000f0280000,0x00000000f0280000,0x00000000f1800000)
 ParOldGen       total 151040K, used 38324K [0x00000000a0000000, 0x00000000a9380000, 0x00000000e0000000)
  object space 151040K, 25% used [0x00000000a0000000,0x00000000a256d248,0x00000000a9380000)
 Metaspace       used 65111K, capacity 67001K, committed 67288K, reserved 1107968K
  class space    used 8688K, capacity 9128K, committed 9216K, reserved 1048576K
}
Event: 70.993 GC heap before
{Heap before GC invocations=15 (full 3):
 PSYoungGen      total 228352K, used 218235K [0x00000000e0000000, 0x00000000f1800000, 0x0000000100000000)
  eden space 205824K, 100% used [0x00000000e0000000,0x00000000ec900000,0x00000000ec900000)
  from space 22528K, 55% used [0x00000000ec900000,0x00000000ed51ef48,0x00000000edf00000)
  to   space 22016K, 0% used [0x00000000f0280000,0x00000000f0280000,0x00000000f1800000)
 ParOldGen       total 151040K, used 38324K [0x00000000a0000000, 0x00000000a9380000, 0x00000000e0000000)
  object space 151040K, 25% used [0x00000000a0000000,0x00000000a256d248,0x00000000a9380000)
 Metaspace       used 65276K, capacity 67255K, committed 67288K, reserved 1107968K
  class space    used 8711K, capacity 9205K, committed 9216K, reserved 1048576K
Event: 71.017 GC heap after
Heap after GC invocations=15 (full 3):
 PSYoungGen      total 265728K, used 9220K [0x00000000e0000000, 0x00000000f1800000, 0x0000000100000000)
  eden space 243712K, 0% used [0x00000000e0000000,0x00000000e0000000,0x00000000eee00000)
  from space 22016K, 41% used [0x00000000f0280000,0x00000000f0b813d8,0x00000000f1800000)
  to   space 20992K, 0% used [0x00000000eee00000,0x00000000eee00000,0x00000000f0280000)
 ParOldGen       total 151040K, used 38332K [0x00000000a0000000, 0x00000000a9380000, 0x00000000e0000000)
  object space 151040K, 25% used [0x00000000a0000000,0x00000000a256f248,0x00000000a9380000)
 Metaspace       used 65276K, capacity 67255K, committed 67288K, reserved 1107968K
  class space    used 8711K, capacity 9205K, committed 9216K, reserved 1048576K
}

